<?xml version="1.0" encoding="UTF-8"?>
<!-- Generated by org.testng.reporters.JUnitReportReporter -->
<testsuite hostname="LAPTOP-SI8A3DQF" failures="0" tests="1" name="Mission1.NavPanel" time="35.181" errors="0" timestamp="2021-03-07T15:46:40 IST" skipped="0">
  <testcase classname="Mission1.NavPanel" name="validationPanel" time="35.181"/>
  <system-out/>
</testsuite> <!-- Mission1.NavPanel -->
