<?xml version="1.0" encoding="UTF-8"?>
<!-- Generated by org.testng.reporters.JUnitReportReporter -->
<testsuite hostname="LAPTOP-SI8A3DQF" failures="0" tests="2" name="Mission1.BasicNav" time="22.914" errors="0" timestamp="2021-03-07T16:17:05 IST" skipped="0">
  <testcase classname="Mission1.BasicNav" name="basepageNav" time="9.835"/>
  <system-out/>
  <testcase classname="Mission1.BasicNav" name="basepageNav" time="13.079"/>
  <system-out/>
</testsuite> <!-- Mission1.BasicNav -->
