<?xml version="1.0" encoding="UTF-8"?>
<!-- Generated by org.testng.reporters.JUnitReportReporter -->
<testsuite skipped="0" hostname="LAPTOP-SI8A3DQF" name="Mission1.AssertVal" tests="1" failures="0" timestamp="2021-03-09T11:23:44 IST" time="0.201" errors="0">
  <testcase name="validationAs" time="0.201" classname="Mission1.AssertVal"/>
  <system-out/>
</testsuite> <!-- Mission1.AssertVal -->
